TN:
SF:server/app.js
FNF:0
FNH:0
DA:1,1
DA:2,1
DA:3,1
DA:4,1
DA:5,1
DA:6,1
DA:7,1
DA:8,1
DA:9,1
DA:10,1
DA:11,1
DA:12,1
DA:13,1
DA:14,1
DA:15,1
DA:16,1
DA:17,1
DA:18,1
DA:19,1
DA:20,1
DA:21,1
DA:22,1
DA:23,1
DA:24,1
DA:25,1
DA:26,1
DA:27,1
DA:28,1
DA:29,1
DA:30,2
DA:31,1
DA:32,1
DA:33,1
DA:34,1
DA:35,1
DA:36,1
DA:37,1
DA:38,1
DA:39,1
DA:40,1
DA:41,1
DA:42,1
DA:43,1
DA:44,1
LF:44
LH:44
BRDA:1,0,0,1
BRDA:13,1,0,1
BRDA:29,2,0,2
BRDA:33,3,0,1
BRF:4
BRH:4
end_of_record
TN:
SF:server/graphql/schema.js
FNF:0
FNH:0
DA:1,1
DA:2,1
DA:3,1
DA:4,1
DA:5,1
DA:6,1
DA:7,1
DA:8,1
DA:9,1
DA:10,1
DA:11,1
DA:12,1
DA:13,1
DA:14,1
DA:15,1
DA:16,1
DA:17,1
DA:18,1
DA:19,1
DA:20,1
DA:21,2
DA:22,2
DA:23,1
DA:24,1
DA:25,1
DA:26,1
DA:27,1
DA:28,1
DA:29,1
DA:30,1
DA:31,1
LF:31
LH:31
BRDA:1,0,0,1
BRDA:20,1,0,2
BRF:2
BRH:2
end_of_record
TN:
SF:server/graphql/resolvers/hello.js
FN:3,hello
FNF:1
FNH:1
FNDA:2,hello
DA:1,1
DA:2,1
DA:3,2
DA:4,2
DA:5,1
DA:6,1
DA:7,1
DA:8,1
DA:9,1
DA:10,1
DA:11,1
DA:12,1
DA:13,1
DA:14,2
DA:15,1
DA:16,1
DA:17,1
DA:18,1
DA:19,1
DA:20,1
LF:20
LH:20
BRDA:1,0,0,1
BRDA:3,1,0,2
BRDA:4,2,0,1
BRF:3
BRH:3
end_of_record
TN:
SF:server/graphql/resolvers/obj.js
FN:1,obj
FNF:1
FNH:1
FNDA:1,obj
DA:1,1
DA:2,1
DA:3,1
DA:4,1
DA:5,1
DA:6,1
DA:7,1
DA:8,1
DA:9,1
DA:10,1
DA:11,1
DA:12,1
DA:13,1
DA:14,1
LF:14
LH:14
BRDA:1,0,0,1
BRDA:1,1,0,1
BRF:2
BRH:2
end_of_record
TN:
SF:server/routes/_gql.js
FN:9,gql
FNF:1
FNH:1
FNDA:4,gql
DA:1,1
DA:2,1
DA:3,1
DA:4,1
DA:5,1
DA:6,1
DA:7,1
DA:8,1
DA:9,4
DA:10,4
DA:11,4
DA:12,4
DA:13,4
DA:14,4
DA:15,4
DA:16,4
DA:17,4
DA:18,4
DA:19,4
DA:20,4
DA:21,4
DA:22,4
DA:23,4
DA:24,4
DA:25,4
DA:26,4
DA:27,4
DA:28,4
DA:29,4
DA:30,4
DA:31,2
DA:32,1
DA:33,1
DA:34,1
DA:35,1
DA:36,1
DA:37,1
DA:38,1
DA:39,1
DA:40,1
DA:41,1
DA:42,1
DA:43,2
DA:44,2
DA:45,2
DA:46,2
DA:47,2
DA:48,2
DA:49,2
DA:50,2
DA:51,2
DA:52,2
DA:53,2
DA:54,4
DA:55,4
DA:56,4
DA:57,1
DA:58,1
DA:59,1
DA:60,1
LF:60
LH:60
BRDA:1,0,0,1
BRDA:9,1,0,4
BRDA:30,2,0,2
BRDA:31,3,0,2
BRDA:33,4,0,1
BRDA:33,5,0,1
BRDA:34,6,0,1
BRDA:37,7,0,1
BRDA:37,8,0,1
BRDA:39,9,0,1
BRDA:49,10,0,2
BRF:11
BRH:11
end_of_record
TN:
SF:server/routes/routes.js
FN:11,importFilesGenerator
FNF:1
FNH:1
FNDA:1,importFilesGenerator
DA:1,1
DA:2,1
DA:3,1
DA:4,1
DA:5,1
DA:6,1
DA:7,1
DA:8,1
DA:9,1
DA:10,1
DA:11,1
DA:12,1
DA:13,1
DA:14,1
DA:15,1
DA:16,1
DA:17,1
DA:18,1
DA:19,1
DA:20,1
DA:21,1
DA:22,1
LF:22
LH:22
BRDA:1,0,0,1
BRDA:9,1,0,2
BRDA:9,2,0,1
BRDA:11,3,0,1
BRF:4
BRH:4
end_of_record
